2024-05-13T03:40:53.888Z [Hello] info: Example Logger Log
2024-05-13T03:41:19.414Z [Example Service] info: Example Logger Log
undefined [undefined] info: Example Logger Log
2024-05-13T03:42:39.341Z [Example Service] info: Example Logger Log
2024-05-13T03:44:16.456Z [Example Service] info: Example Logger Log
2024-05-13T03:44:21.464Z [Example Service] info: Example Logger Log
2024-05-13T03:45:47.222Z [Example Service] info: Example Logger Log
2024-05-13T03:49:18.732Z [Example Service] info: Info log in String Interpolated Logger %s
2024-05-13T04:11:11.022Z [Example Service] [32minfo[39m: Heyyy
2024-05-13T04:11:39.528Z [Example Service] [32minfo[39m: Heyyy
2024-05-13T04:11:56.287Z [Example Service] info: Heyyy
2024-05-13T04:14:13.811Z [Example Service] info: Heyyy
2024-05-13T04:15:52.173Z [Example Service] info: Heyyy
2024-05-13T04:16:41.310Z [Example Service] info: Heyyy
2024-05-13T04:17:08.554Z [Example Service] info: Heyyy
2024-05-13T04:19:13.158Z [Example Service] info: Heyyy
2024-05-13T04:19:26.354Z [Example Service] info: Heyyy
2024-05-13T04:19:58.876Z [Example Service] info: Heyyy
2024-05-13T04:21:19.338Z [Example Service] info: Heyyy
2024-05-13T04:29:18.523Z [Example Service] info: Heyyy
